<?xml version="1.0" encoding="UTF-8"?><testsuite errors="0" failures="0" name="com.bestbuy.serviceinfo.ServiceCURDTest" skipped="0" tests="4" time="20.55" timestamp="2023-02-27T18:01:27.043Z[Europe/London]"><testcase classname="com.bestbuy.serviceinfo.ServiceCURDTest" name="This will create a new Service"/><testcase classname="com.bestbuy.serviceinfo.ServiceCURDTest" name="Verify if services was created"/><testcase classname="com.bestbuy.serviceinfo.ServiceCURDTest" name="Update the name and verify the information"/><testcase classname="com.bestbuy.serviceinfo.ServiceCURDTest" name="Delete the services and verify if the services is deleted"/></testsuite>