<?xml version="1.0" encoding="UTF-8"?><testsuite errors="0" failures="0" name="com.bestbuy.categoriesinfo.CategoriesCURDTestWithSteps" skipped="0" tests="4" time="17.11" timestamp="2023-02-28T12:57:00.411Z[Europe/London]"><testcase classname="com.bestbuy.categoriesinfo.CategoriesCURDTestWithSteps" name="This will create a new category"/><testcase classname="com.bestbuy.categoriesinfo.CategoriesCURDTestWithSteps" name="verify if categories is created"/><testcase classname="com.bestbuy.categoriesinfo.CategoriesCURDTestWithSteps" name="update the user information"/><testcase classname="com.bestbuy.categoriesinfo.CategoriesCURDTestWithSteps" name="Delete categories info by CategoriesID and verify its deleted"/></testsuite>