<?xml version="1.0" encoding="UTF-8"?><testsuite errors="1" failures="0" name="com.bestbuy.productinfo.ProductCURDTestWithSteps" skipped="0" tests="1" time="0.32" timestamp="2023-02-28T18:27:35.832Z[Europe/London]"><testcase classname="com.bestbuy.productinfo.ProductCURDTestWithSteps" name="verify if product is created"><error type="java.lang.NullPointerException"/><system-err>null&#13;
com.bestbuy.productinfo.ProductCURDTestWithSteps.test002(ProductCURDTestWithSteps.java:45)&#13;
</system-err></testcase></testsuite>