<?xml version="1.0" encoding="UTF-8"?><testsuite errors="0" failures="0" name="com.bestbuy.storeinfo.StoreCURDTest" skipped="0" tests="4" time="22.53" timestamp="2023-02-28T00:08:21.824Z[Europe/London]"><testcase classname="com.bestbuy.storeinfo.StoreCURDTest" name="This will create a new Store"/><testcase classname="com.bestbuy.storeinfo.StoreCURDTest" name="Verify if stores was created"/><testcase classname="com.bestbuy.storeinfo.StoreCURDTest" name="Update the name and verify the information"/><testcase classname="com.bestbuy.storeinfo.StoreCURDTest" name="Delete the stores and verify if the stores has been deleted "/></testsuite>