<?xml version="1.0" encoding="UTF-8"?><testsuite errors="0" failures="0" name="com.bestbuy.productinfo.ProductCURDTest" skipped="0" tests="4" time="25.78" timestamp="2023-02-27T23:34:32.529Z[Europe/London]"><testcase classname="com.bestbuy.productinfo.ProductCURDTest" name="This will create a new products"/><testcase classname="com.bestbuy.productinfo.ProductCURDTest" name="Verify if product was created"/><testcase classname="com.bestbuy.productinfo.ProductCURDTest" name="Update the name and verify the update information"/><testcase classname="com.bestbuy.productinfo.ProductCURDTest" name="Delete the product and verify if the product is deleted"/></testsuite>