<?xml version="1.0" encoding="UTF-8"?><testsuite errors="0" failures="0" name="com.bestbuy.storeinfo.StoreCURDTestWithSteps" skipped="0" tests="4" time="19.4" timestamp="2023-02-28T17:53:21.644Z[Europe/London]"><testcase classname="com.bestbuy.storeinfo.StoreCURDTestWithSteps" name="This will create new store"/><testcase classname="com.bestbuy.storeinfo.StoreCURDTestWithSteps" name="verify if store is created"/><testcase classname="com.bestbuy.storeinfo.StoreCURDTestWithSteps" name="Update the stores information"/><testcase classname="com.bestbuy.storeinfo.StoreCURDTestWithSteps" name="Delete stores info by storesID and verify its deleted"/></testsuite>