<?xml version="1.0" encoding="UTF-8"?><testsuite errors="0" failures="0" name="com.bestbuy.productinfo.ProductCURDTestWithSteps" skipped="0" tests="4" time="18.74" timestamp="2023-02-28T21:34:48.672Z[Europe/London]"><testcase classname="com.bestbuy.productinfo.ProductCURDTestWithSteps" name="This will create new products"/><testcase classname="com.bestbuy.productinfo.ProductCURDTestWithSteps" name="verify if product is created"/><testcase classname="com.bestbuy.productinfo.ProductCURDTestWithSteps" name="update the product information"/><testcase classname="com.bestbuy.productinfo.ProductCURDTestWithSteps" name="Delete the product by id"/></testsuite>